  GameLogic.c
C:\Users\brook\OneDrive\Desktop\Yhatzeev2\CSCN71030-Section-3-Group-4-new-\Yhatzee\Game\UI.h(14,28): error C2146: syntax error: missing ')' before identifier 'g'
C:\Users\brook\OneDrive\Desktop\Yhatzeev2\CSCN71030-Section-3-Group-4-new-\Yhatzee\Game\UI.h(14,28): error C2061: syntax error: identifier 'g'
C:\Users\brook\OneDrive\Desktop\Yhatzeev2\CSCN71030-Section-3-Group-4-new-\Yhatzee\Game\UI.h(14,28): error C2059: syntax error: ';'
C:\Users\brook\OneDrive\Desktop\Yhatzeev2\CSCN71030-Section-3-Group-4-new-\Yhatzee\Game\UI.h(14,29): error C2059: syntax error: ')'
C:\Users\brook\OneDrive\Desktop\Yhatzeev2\CSCN71030-Section-3-Group-4-new-\Yhatzee\Game\UI.h(16,38): error C2146: syntax error: missing ')' before identifier 'g'
C:\Users\brook\OneDrive\Desktop\Yhatzeev2\CSCN71030-Section-3-Group-4-new-\Yhatzee\Game\UI.h(16,38): error C2061: syntax error: identifier 'g'
C:\Users\brook\OneDrive\Desktop\Yhatzeev2\CSCN71030-Section-3-Group-4-new-\Yhatzee\Game\UI.h(16,38): error C2059: syntax error: ';'
C:\Users\brook\OneDrive\Desktop\Yhatzeev2\CSCN71030-Section-3-Group-4-new-\Yhatzee\Game\UI.h(16,39): error C2059: syntax error: ')'
C:\Users\brook\OneDrive\Desktop\Yhatzeev2\CSCN71030-Section-3-Group-4-new-\Yhatzee\Game\UI.h(18,30): error C2146: syntax error: missing ')' before identifier 'g'
C:\Users\brook\OneDrive\Desktop\Yhatzeev2\CSCN71030-Section-3-Group-4-new-\Yhatzee\Game\UI.h(18,30): error C2061: syntax error: identifier 'g'
C:\Users\brook\OneDrive\Desktop\Yhatzeev2\CSCN71030-Section-3-Group-4-new-\Yhatzee\Game\UI.h(18,30): error C2059: syntax error: ';'
C:\Users\brook\OneDrive\Desktop\Yhatzeev2\CSCN71030-Section-3-Group-4-new-\Yhatzee\Game\UI.h(18,31): error C2059: syntax error: ')'
C:\Users\brook\OneDrive\Desktop\Yhatzeev2\CSCN71030-Section-3-Group-4-new-\Yhatzee\Game\UI.h(20,33): error C2146: syntax error: missing ')' before identifier 'g'
C:\Users\brook\OneDrive\Desktop\Yhatzeev2\CSCN71030-Section-3-Group-4-new-\Yhatzee\Game\UI.h(20,33): error C2061: syntax error: identifier 'g'
C:\Users\brook\OneDrive\Desktop\Yhatzeev2\CSCN71030-Section-3-Group-4-new-\Yhatzee\Game\UI.h(20,33): error C2059: syntax error: ';'
C:\Users\brook\OneDrive\Desktop\Yhatzeev2\CSCN71030-Section-3-Group-4-new-\Yhatzee\Game\UI.h(20,34): error C2059: syntax error: ')'
C:\Users\brook\OneDrive\Desktop\Yhatzeev2\CSCN71030-Section-3-Group-4-new-\Yhatzee\Game\UI.h(22,30): error C2146: syntax error: missing ')' before identifier 'g'
C:\Users\brook\OneDrive\Desktop\Yhatzeev2\CSCN71030-Section-3-Group-4-new-\Yhatzee\Game\UI.h(22,30): error C2061: syntax error: identifier 'g'
C:\Users\brook\OneDrive\Desktop\Yhatzeev2\CSCN71030-Section-3-Group-4-new-\Yhatzee\Game\UI.h(22,30): error C2059: syntax error: ';'
C:\Users\brook\OneDrive\Desktop\Yhatzeev2\CSCN71030-Section-3-Group-4-new-\Yhatzee\Game\UI.h(22,31): error C2059: syntax error: ')'
C:\Users\brook\OneDrive\Desktop\Yhatzeev2\CSCN71030-Section-3-Group-4-new-\Yhatzee\Game\UI.h(24,34): error C2146: syntax error: missing ')' before identifier 'g'
C:\Users\brook\OneDrive\Desktop\Yhatzeev2\CSCN71030-Section-3-Group-4-new-\Yhatzee\Game\UI.h(24,34): error C2061: syntax error: identifier 'g'
C:\Users\brook\OneDrive\Desktop\Yhatzeev2\CSCN71030-Section-3-Group-4-new-\Yhatzee\Game\UI.h(24,34): error C2059: syntax error: ';'
C:\Users\brook\OneDrive\Desktop\Yhatzeev2\CSCN71030-Section-3-Group-4-new-\Yhatzee\Game\UI.h(24,35): error C2059: syntax error: ','
C:\Users\brook\OneDrive\Desktop\Yhatzeev2\CSCN71030-Section-3-Group-4-new-\Yhatzee\Game\UI.h(24,53): error C2059: syntax error: ')'
  GameManager.c
C:\Users\brook\OneDrive\Desktop\Yhatzeev2\CSCN71030-Section-3-Group-4-new-\Yhatzee\Game\UI.h(14,28): error C2146: syntax error: missing ')' before identifier 'g'
C:\Users\brook\OneDrive\Desktop\Yhatzeev2\CSCN71030-Section-3-Group-4-new-\Yhatzee\Game\UI.h(14,28): error C2061: syntax error: identifier 'g'
C:\Users\brook\OneDrive\Desktop\Yhatzeev2\CSCN71030-Section-3-Group-4-new-\Yhatzee\Game\UI.h(14,28): error C2059: syntax error: ';'
C:\Users\brook\OneDrive\Desktop\Yhatzeev2\CSCN71030-Section-3-Group-4-new-\Yhatzee\Game\UI.h(14,29): error C2059: syntax error: ')'
C:\Users\brook\OneDrive\Desktop\Yhatzeev2\CSCN71030-Section-3-Group-4-new-\Yhatzee\Game\UI.h(16,38): error C2146: syntax error: missing ')' before identifier 'g'
C:\Users\brook\OneDrive\Desktop\Yhatzeev2\CSCN71030-Section-3-Group-4-new-\Yhatzee\Game\UI.h(16,38): error C2061: syntax error: identifier 'g'
C:\Users\brook\OneDrive\Desktop\Yhatzeev2\CSCN71030-Section-3-Group-4-new-\Yhatzee\Game\UI.h(16,38): error C2059: syntax error: ';'
C:\Users\brook\OneDrive\Desktop\Yhatzeev2\CSCN71030-Section-3-Group-4-new-\Yhatzee\Game\UI.h(16,39): error C2059: syntax error: ')'
C:\Users\brook\OneDrive\Desktop\Yhatzeev2\CSCN71030-Section-3-Group-4-new-\Yhatzee\Game\UI.h(18,30): error C2146: syntax error: missing ')' before identifier 'g'
C:\Users\brook\OneDrive\Desktop\Yhatzeev2\CSCN71030-Section-3-Group-4-new-\Yhatzee\Game\UI.h(18,30): error C2061: syntax error: identifier 'g'
C:\Users\brook\OneDrive\Desktop\Yhatzeev2\CSCN71030-Section-3-Group-4-new-\Yhatzee\Game\UI.h(18,30): error C2059: syntax error: ';'
C:\Users\brook\OneDrive\Desktop\Yhatzeev2\CSCN71030-Section-3-Group-4-new-\Yhatzee\Game\UI.h(18,31): error C2059: syntax error: ')'
C:\Users\brook\OneDrive\Desktop\Yhatzeev2\CSCN71030-Section-3-Group-4-new-\Yhatzee\Game\UI.h(20,33): error C2146: syntax error: missing ')' before identifier 'g'
C:\Users\brook\OneDrive\Desktop\Yhatzeev2\CSCN71030-Section-3-Group-4-new-\Yhatzee\Game\UI.h(20,33): error C2061: syntax error: identifier 'g'
C:\Users\brook\OneDrive\Desktop\Yhatzeev2\CSCN71030-Section-3-Group-4-new-\Yhatzee\Game\UI.h(20,33): error C2059: syntax error: ';'
C:\Users\brook\OneDrive\Desktop\Yhatzeev2\CSCN71030-Section-3-Group-4-new-\Yhatzee\Game\UI.h(20,34): error C2059: syntax error: ')'
C:\Users\brook\OneDrive\Desktop\Yhatzeev2\CSCN71030-Section-3-Group-4-new-\Yhatzee\Game\UI.h(22,30): error C2146: syntax error: missing ')' before identifier 'g'
C:\Users\brook\OneDrive\Desktop\Yhatzeev2\CSCN71030-Section-3-Group-4-new-\Yhatzee\Game\UI.h(22,30): error C2061: syntax error: identifier 'g'
C:\Users\brook\OneDrive\Desktop\Yhatzeev2\CSCN71030-Section-3-Group-4-new-\Yhatzee\Game\UI.h(22,30): error C2059: syntax error: ';'
C:\Users\brook\OneDrive\Desktop\Yhatzeev2\CSCN71030-Section-3-Group-4-new-\Yhatzee\Game\UI.h(22,31): error C2059: syntax error: ')'
C:\Users\brook\OneDrive\Desktop\Yhatzeev2\CSCN71030-Section-3-Group-4-new-\Yhatzee\Game\UI.h(24,34): error C2146: syntax error: missing ')' before identifier 'g'
C:\Users\brook\OneDrive\Desktop\Yhatzeev2\CSCN71030-Section-3-Group-4-new-\Yhatzee\Game\UI.h(24,34): error C2061: syntax error: identifier 'g'
C:\Users\brook\OneDrive\Desktop\Yhatzeev2\CSCN71030-Section-3-Group-4-new-\Yhatzee\Game\UI.h(24,34): error C2059: syntax error: ';'
C:\Users\brook\OneDrive\Desktop\Yhatzeev2\CSCN71030-Section-3-Group-4-new-\Yhatzee\Game\UI.h(24,35): error C2059: syntax error: ','
C:\Users\brook\OneDrive\Desktop\Yhatzeev2\CSCN71030-Section-3-Group-4-new-\Yhatzee\Game\UI.h(24,53): error C2059: syntax error: ')'
C:\Users\brook\OneDrive\Desktop\Yhatzeev2\CSCN71030-Section-3-Group-4-new-\Yhatzee\Game\GameLogic.h(53,30): error C2146: syntax error: missing ')' before identifier 'g'
C:\Users\brook\OneDrive\Desktop\Yhatzeev2\CSCN71030-Section-3-Group-4-new-\Yhatzee\Game\GameLogic.h(53,30): error C2061: syntax error: identifier 'g'
C:\Users\brook\OneDrive\Desktop\Yhatzeev2\CSCN71030-Section-3-Group-4-new-\Yhatzee\Game\GameLogic.h(53,30): error C2059: syntax error: ';'
C:\Users\brook\OneDrive\Desktop\Yhatzeev2\CSCN71030-Section-3-Group-4-new-\Yhatzee\Game\GameLogic.h(53,31): error C2059: syntax error: ')'
C:\Users\brook\OneDrive\Desktop\Yhatzeev2\CSCN71030-Section-3-Group-4-new-\Yhatzee\Game\GameLogic.h(55,26): error C2146: syntax error: missing ')' before identifier 'g'
C:\Users\brook\OneDrive\Desktop\Yhatzeev2\CSCN71030-Section-3-Group-4-new-\Yhatzee\Game\GameLogic.h(55,26): error C2061: syntax error: identifier 'g'
C:\Users\brook\OneDrive\Desktop\Yhatzeev2\CSCN71030-Section-3-Group-4-new-\Yhatzee\Game\GameLogic.h(55,26): error C2059: syntax error: ';'
C:\Users\brook\OneDrive\Desktop\Yhatzeev2\CSCN71030-Section-3-Group-4-new-\Yhatzee\Game\GameLogic.h(55,27): error C2059: syntax error: ')'
C:\Users\brook\OneDrive\Desktop\Yhatzeev2\CSCN71030-Section-3-Group-4-new-\Yhatzee\Game\GameManager.c(4,11): warning C4244: 'function': conversion from 'time_t' to 'unsigned int', possible loss of data
  Source.c
C:\Users\brook\OneDrive\Desktop\Yhatzeev2\CSCN71030-Section-3-Group-4-new-\Yhatzee\Game\UI.h(14,28): error C2146: syntax error: missing ')' before identifier 'g'
C:\Users\brook\OneDrive\Desktop\Yhatzeev2\CSCN71030-Section-3-Group-4-new-\Yhatzee\Game\UI.h(14,28): error C2061: syntax error: identifier 'g'
C:\Users\brook\OneDrive\Desktop\Yhatzeev2\CSCN71030-Section-3-Group-4-new-\Yhatzee\Game\UI.h(14,28): error C2059: syntax error: ';'
C:\Users\brook\OneDrive\Desktop\Yhatzeev2\CSCN71030-Section-3-Group-4-new-\Yhatzee\Game\UI.h(14,29): error C2059: syntax error: ')'
C:\Users\brook\OneDrive\Desktop\Yhatzeev2\CSCN71030-Section-3-Group-4-new-\Yhatzee\Game\UI.h(16,38): error C2146: syntax error: missing ')' before identifier 'g'
C:\Users\brook\OneDrive\Desktop\Yhatzeev2\CSCN71030-Section-3-Group-4-new-\Yhatzee\Game\UI.h(16,38): error C2061: syntax error: identifier 'g'
C:\Users\brook\OneDrive\Desktop\Yhatzeev2\CSCN71030-Section-3-Group-4-new-\Yhatzee\Game\UI.h(16,38): error C2059: syntax error: ';'
C:\Users\brook\OneDrive\Desktop\Yhatzeev2\CSCN71030-Section-3-Group-4-new-\Yhatzee\Game\UI.h(16,39): error C2059: syntax error: ')'
C:\Users\brook\OneDrive\Desktop\Yhatzeev2\CSCN71030-Section-3-Group-4-new-\Yhatzee\Game\UI.h(18,30): error C2146: syntax error: missing ')' before identifier 'g'
C:\Users\brook\OneDrive\Desktop\Yhatzeev2\CSCN71030-Section-3-Group-4-new-\Yhatzee\Game\UI.h(18,30): error C2061: syntax error: identifier 'g'
C:\Users\brook\OneDrive\Desktop\Yhatzeev2\CSCN71030-Section-3-Group-4-new-\Yhatzee\Game\UI.h(18,30): error C2059: syntax error: ';'
C:\Users\brook\OneDrive\Desktop\Yhatzeev2\CSCN71030-Section-3-Group-4-new-\Yhatzee\Game\UI.h(18,31): error C2059: syntax error: ')'
C:\Users\brook\OneDrive\Desktop\Yhatzeev2\CSCN71030-Section-3-Group-4-new-\Yhatzee\Game\UI.h(20,33): error C2146: syntax error: missing ')' before identifier 'g'
C:\Users\brook\OneDrive\Desktop\Yhatzeev2\CSCN71030-Section-3-Group-4-new-\Yhatzee\Game\UI.h(20,33): error C2061: syntax error: identifier 'g'
C:\Users\brook\OneDrive\Desktop\Yhatzeev2\CSCN71030-Section-3-Group-4-new-\Yhatzee\Game\UI.h(20,33): error C2059: syntax error: ';'
C:\Users\brook\OneDrive\Desktop\Yhatzeev2\CSCN71030-Section-3-Group-4-new-\Yhatzee\Game\UI.h(20,34): error C2059: syntax error: ')'
C:\Users\brook\OneDrive\Desktop\Yhatzeev2\CSCN71030-Section-3-Group-4-new-\Yhatzee\Game\UI.h(22,30): error C2146: syntax error: missing ')' before identifier 'g'
C:\Users\brook\OneDrive\Desktop\Yhatzeev2\CSCN71030-Section-3-Group-4-new-\Yhatzee\Game\UI.h(22,30): error C2061: syntax error: identifier 'g'
C:\Users\brook\OneDrive\Desktop\Yhatzeev2\CSCN71030-Section-3-Group-4-new-\Yhatzee\Game\UI.h(22,30): error C2059: syntax error: ';'
C:\Users\brook\OneDrive\Desktop\Yhatzeev2\CSCN71030-Section-3-Group-4-new-\Yhatzee\Game\UI.h(22,31): error C2059: syntax error: ')'
C:\Users\brook\OneDrive\Desktop\Yhatzeev2\CSCN71030-Section-3-Group-4-new-\Yhatzee\Game\UI.h(24,34): error C2146: syntax error: missing ')' before identifier 'g'
C:\Users\brook\OneDrive\Desktop\Yhatzeev2\CSCN71030-Section-3-Group-4-new-\Yhatzee\Game\UI.h(24,34): error C2061: syntax error: identifier 'g'
C:\Users\brook\OneDrive\Desktop\Yhatzeev2\CSCN71030-Section-3-Group-4-new-\Yhatzee\Game\UI.h(24,34): error C2059: syntax error: ';'
C:\Users\brook\OneDrive\Desktop\Yhatzeev2\CSCN71030-Section-3-Group-4-new-\Yhatzee\Game\UI.h(24,35): error C2059: syntax error: ','
C:\Users\brook\OneDrive\Desktop\Yhatzeev2\CSCN71030-Section-3-Group-4-new-\Yhatzee\Game\UI.h(24,53): error C2059: syntax error: ')'
C:\Users\brook\OneDrive\Desktop\Yhatzeev2\CSCN71030-Section-3-Group-4-new-\Yhatzee\Game\GameLogic.h(53,30): error C2146: syntax error: missing ')' before identifier 'g'
C:\Users\brook\OneDrive\Desktop\Yhatzeev2\CSCN71030-Section-3-Group-4-new-\Yhatzee\Game\GameLogic.h(53,30): error C2061: syntax error: identifier 'g'
C:\Users\brook\OneDrive\Desktop\Yhatzeev2\CSCN71030-Section-3-Group-4-new-\Yhatzee\Game\GameLogic.h(53,30): error C2059: syntax error: ';'
C:\Users\brook\OneDrive\Desktop\Yhatzeev2\CSCN71030-Section-3-Group-4-new-\Yhatzee\Game\GameLogic.h(53,31): error C2059: syntax error: ')'
C:\Users\brook\OneDrive\Desktop\Yhatzeev2\CSCN71030-Section-3-Group-4-new-\Yhatzee\Game\GameLogic.h(55,26): error C2146: syntax error: missing ')' before identifier 'g'
C:\Users\brook\OneDrive\Desktop\Yhatzeev2\CSCN71030-Section-3-Group-4-new-\Yhatzee\Game\GameLogic.h(55,26): error C2061: syntax error: identifier 'g'
C:\Users\brook\OneDrive\Desktop\Yhatzeev2\CSCN71030-Section-3-Group-4-new-\Yhatzee\Game\GameLogic.h(55,26): error C2059: syntax error: ';'
C:\Users\brook\OneDrive\Desktop\Yhatzeev2\CSCN71030-Section-3-Group-4-new-\Yhatzee\Game\GameLogic.h(55,27): error C2059: syntax error: ')'
C:\Users\brook\OneDrive\Desktop\Yhatzeev2\CSCN71030-Section-3-Group-4-new-\Yhatzee\Game\Source.c(47,5): warning C4013: 'printMainMenu' undefined; assuming extern returning int
C:\Users\brook\OneDrive\Desktop\Yhatzeev2\CSCN71030-Section-3-Group-4-new-\Yhatzee\Game\Source.c(49,5): warning C4013: 'menuChoice' undefined; assuming extern returning int
  UI.c
C:\Users\brook\OneDrive\Desktop\Yhatzeev2\CSCN71030-Section-3-Group-4-new-\Yhatzee\Game\GameLogic.h(53,30): error C2146: syntax error: missing ')' before identifier 'g'
C:\Users\brook\OneDrive\Desktop\Yhatzeev2\CSCN71030-Section-3-Group-4-new-\Yhatzee\Game\GameLogic.h(53,30): error C2061: syntax error: identifier 'g'
C:\Users\brook\OneDrive\Desktop\Yhatzeev2\CSCN71030-Section-3-Group-4-new-\Yhatzee\Game\GameLogic.h(53,30): error C2059: syntax error: ';'
C:\Users\brook\OneDrive\Desktop\Yhatzeev2\CSCN71030-Section-3-Group-4-new-\Yhatzee\Game\GameLogic.h(53,31): error C2059: syntax error: ')'
C:\Users\brook\OneDrive\Desktop\Yhatzeev2\CSCN71030-Section-3-Group-4-new-\Yhatzee\Game\GameLogic.h(55,26): error C2146: syntax error: missing ')' before identifier 'g'
C:\Users\brook\OneDrive\Desktop\Yhatzeev2\CSCN71030-Section-3-Group-4-new-\Yhatzee\Game\GameLogic.h(55,26): error C2061: syntax error: identifier 'g'
C:\Users\brook\OneDrive\Desktop\Yhatzeev2\CSCN71030-Section-3-Group-4-new-\Yhatzee\Game\GameLogic.h(55,26): error C2059: syntax error: ';'
C:\Users\brook\OneDrive\Desktop\Yhatzeev2\CSCN71030-Section-3-Group-4-new-\Yhatzee\Game\GameLogic.h(55,27): error C2059: syntax error: ')'
C:\Users\brook\OneDrive\Desktop\Yhatzeev2\CSCN71030-Section-3-Group-4-new-\Yhatzee\Game\UI.c(5,10): warning C4013: 'isGameDone' undefined; assuming extern returning int
C:\Users\brook\OneDrive\Desktop\Yhatzeev2\CSCN71030-Section-3-Group-4-new-\Yhatzee\Game\UI.c(8,14): error C2440: 'function': cannot convert from 'GAME_MANAGER *' to 'GAME_MANAGER'
C:\Users\brook\OneDrive\Desktop\Yhatzeev2\CSCN71030-Section-3-Group-4-new-\Yhatzee\Game\UI.c(8,14): warning C4024: 'playerTurn': different types for formal and actual parameter 1
C:\Users\brook\OneDrive\Desktop\Yhatzeev2\CSCN71030-Section-3-Group-4-new-\Yhatzee\Game\UI.c(19,2): warning C4013: 'whoWon' undefined; assuming extern returning int
C:\Users\brook\OneDrive\Desktop\Yhatzeev2\CSCN71030-Section-3-Group-4-new-\Yhatzee\Game\UI.c(38,31): warning C4028: formal parameter 1 different from declaration
  Generating Code...
